Determining if the pthread_create exist failed with the following output:
Change Dir: /home/yanglz/lidar_ws/build/CMakeFiles/CMakeTmp

Run Build Command:"/usr/bin/make" "cmTC_5302d/fast"
/usr/bin/make -f CMakeFiles/cmTC_5302d.dir/build.make CMakeFiles/cmTC_5302d.dir/build
make[1]: Entering directory '/home/yanglz/lidar_ws/build/CMakeFiles/CMakeTmp'
Building C object CMakeFiles/cmTC_5302d.dir/CheckSymbolExists.c.o
/usr/bin/cc     -o CMakeFiles/cmTC_5302d.dir/CheckSymbolExists.c.o   -c /home/yanglz/lidar_ws/build/CMakeFiles/CMakeTmp/CheckSymbolExists.c
Linking C executable cmTC_5302d
/usr/bin/cmake -E cmake_link_script CMakeFiles/cmTC_5302d.dir/link.txt --verbose=1
/usr/bin/cc       CMakeFiles/cmTC_5302d.dir/CheckSymbolExists.c.o  -o cmTC_5302d -rdynamic 
CMakeFiles/cmTC_5302d.dir/CheckSymbolExists.c.o: In function `main':
CheckSymbolExists.c:(.text+0x16): undefined reference to `pthread_create'
collect2: error: ld returned 1 exit status
CMakeFiles/cmTC_5302d.dir/build.make:97: recipe for target 'cmTC_5302d' failed
make[1]: *** [cmTC_5302d] Error 1
make[1]: Leaving directory '/home/yanglz/lidar_ws/build/CMakeFiles/CMakeTmp'
Makefile:126: recipe for target 'cmTC_5302d/fast' failed
make: *** [cmTC_5302d/fast] Error 2

File /home/yanglz/lidar_ws/build/CMakeFiles/CMakeTmp/CheckSymbolExists.c:
/* */
#include <pthread.h>

int main(int argc, char** argv)
{
  (void)argv;
#ifndef pthread_create
  return ((int*)(&pthread_create))[argc];
#else
  (void)argc;
  return 0;
#endif
}

Determining if the function pthread_create exists in the pthreads failed with the following output:
Change Dir: /home/yanglz/lidar_ws/build/CMakeFiles/CMakeTmp

Run Build Command:"/usr/bin/make" "cmTC_cc58c/fast"
/usr/bin/make -f CMakeFiles/cmTC_cc58c.dir/build.make CMakeFiles/cmTC_cc58c.dir/build
make[1]: Entering directory '/home/yanglz/lidar_ws/build/CMakeFiles/CMakeTmp'
Building C object CMakeFiles/cmTC_cc58c.dir/CheckFunctionExists.c.o
/usr/bin/cc    -DCHECK_FUNCTION_EXISTS=pthread_create   -o CMakeFiles/cmTC_cc58c.dir/CheckFunctionExists.c.o   -c /usr/share/cmake-3.5/Modules/CheckFunctionExists.c
Linking C executable cmTC_cc58c
/usr/bin/cmake -E cmake_link_script CMakeFiles/cmTC_cc58c.dir/link.txt --verbose=1
/usr/bin/cc   -DCHECK_FUNCTION_EXISTS=pthread_create    CMakeFiles/cmTC_cc58c.dir/CheckFunctionExists.c.o  -o cmTC_cc58c -rdynamic -lpthreads 
/usr/bin/ld: cannot find -lpthreads
collect2: error: ld returned 1 exit status
CMakeFiles/cmTC_cc58c.dir/build.make:97: recipe for target 'cmTC_cc58c' failed
make[1]: *** [cmTC_cc58c] Error 1
make[1]: Leaving directory '/home/yanglz/lidar_ws/build/CMakeFiles/CMakeTmp'
Makefile:126: recipe for target 'cmTC_cc58c/fast' failed
make: *** [cmTC_cc58c/fast] Error 2


Determining if the Q_WS_WIN exist failed with the following output:
Change Dir: /home/yanglz/lidar_ws/build/CMakeFiles/CMakeTmp

Run Build Command:"/usr/bin/make" "cmTC_4e446/fast"
/usr/bin/make -f CMakeFiles/cmTC_4e446.dir/build.make CMakeFiles/cmTC_4e446.dir/build
make[1]: Entering directory '/home/yanglz/lidar_ws/build/CMakeFiles/CMakeTmp'
Building CXX object CMakeFiles/cmTC_4e446.dir/CheckSymbolExists.cxx.o
/usr/bin/c++    -I/usr/include/qt4   -o CMakeFiles/cmTC_4e446.dir/CheckSymbolExists.cxx.o -c /home/yanglz/lidar_ws/build/CMakeFiles/CMakeTmp/CheckSymbolExists.cxx
/home/yanglz/lidar_ws/build/CMakeFiles/CMakeTmp/CheckSymbolExists.cxx: In function ‘int main(int, char**)’:
/home/yanglz/lidar_ws/build/CMakeFiles/CMakeTmp/CheckSymbolExists.cxx:8:19: error: ‘Q_WS_WIN’ was not declared in this scope
   return ((int*)(&Q_WS_WIN))[argc];
                   ^
CMakeFiles/cmTC_4e446.dir/build.make:65: recipe for target 'CMakeFiles/cmTC_4e446.dir/CheckSymbolExists.cxx.o' failed
make[1]: *** [CMakeFiles/cmTC_4e446.dir/CheckSymbolExists.cxx.o] Error 1
make[1]: Leaving directory '/home/yanglz/lidar_ws/build/CMakeFiles/CMakeTmp'
Makefile:126: recipe for target 'cmTC_4e446/fast' failed
make: *** [cmTC_4e446/fast] Error 2

File /home/yanglz/lidar_ws/build/CMakeFiles/CMakeTmp/CheckSymbolExists.cxx:
/* */
#include <QtCore/qglobal.h>

int main(int argc, char** argv)
{
  (void)argv;
#ifndef Q_WS_WIN
  return ((int*)(&Q_WS_WIN))[argc];
#else
  (void)argc;
  return 0;
#endif
}

Determining if the Q_WS_QWS exist failed with the following output:
Change Dir: /home/yanglz/lidar_ws/build/CMakeFiles/CMakeTmp

Run Build Command:"/usr/bin/make" "cmTC_e73d3/fast"
/usr/bin/make -f CMakeFiles/cmTC_e73d3.dir/build.make CMakeFiles/cmTC_e73d3.dir/build
make[1]: Entering directory '/home/yanglz/lidar_ws/build/CMakeFiles/CMakeTmp'
Building CXX object CMakeFiles/cmTC_e73d3.dir/CheckSymbolExists.cxx.o
/usr/bin/c++    -I/usr/include/qt4   -o CMakeFiles/cmTC_e73d3.dir/CheckSymbolExists.cxx.o -c /home/yanglz/lidar_ws/build/CMakeFiles/CMakeTmp/CheckSymbolExists.cxx
/home/yanglz/lidar_ws/build/CMakeFiles/CMakeTmp/CheckSymbolExists.cxx: In function ‘int main(int, char**)’:
/home/yanglz/lidar_ws/build/CMakeFiles/CMakeTmp/CheckSymbolExists.cxx:8:19: error: ‘Q_WS_QWS’ was not declared in this scope
   return ((int*)(&Q_WS_QWS))[argc];
                   ^
CMakeFiles/cmTC_e73d3.dir/build.make:65: recipe for target 'CMakeFiles/cmTC_e73d3.dir/CheckSymbolExists.cxx.o' failed
make[1]: *** [CMakeFiles/cmTC_e73d3.dir/CheckSymbolExists.cxx.o] Error 1
make[1]: Leaving directory '/home/yanglz/lidar_ws/build/CMakeFiles/CMakeTmp'
Makefile:126: recipe for target 'cmTC_e73d3/fast' failed
make: *** [cmTC_e73d3/fast] Error 2

File /home/yanglz/lidar_ws/build/CMakeFiles/CMakeTmp/CheckSymbolExists.cxx:
/* */
#include <QtCore/qglobal.h>

int main(int argc, char** argv)
{
  (void)argv;
#ifndef Q_WS_QWS
  return ((int*)(&Q_WS_QWS))[argc];
#else
  (void)argc;
  return 0;
#endif
}

Determining if the Q_WS_MAC exist failed with the following output:
Change Dir: /home/yanglz/lidar_ws/build/CMakeFiles/CMakeTmp

Run Build Command:"/usr/bin/make" "cmTC_70287/fast"
/usr/bin/make -f CMakeFiles/cmTC_70287.dir/build.make CMakeFiles/cmTC_70287.dir/build
make[1]: Entering directory '/home/yanglz/lidar_ws/build/CMakeFiles/CMakeTmp'
Building CXX object CMakeFiles/cmTC_70287.dir/CheckSymbolExists.cxx.o
/usr/bin/c++    -I/usr/include/qt4   -o CMakeFiles/cmTC_70287.dir/CheckSymbolExists.cxx.o -c /home/yanglz/lidar_ws/build/CMakeFiles/CMakeTmp/CheckSymbolExists.cxx
/home/yanglz/lidar_ws/build/CMakeFiles/CMakeTmp/CheckSymbolExists.cxx: In function ‘int main(int, char**)’:
/home/yanglz/lidar_ws/build/CMakeFiles/CMakeTmp/CheckSymbolExists.cxx:8:19: error: ‘Q_WS_MAC’ was not declared in this scope
   return ((int*)(&Q_WS_MAC))[argc];
                   ^
CMakeFiles/cmTC_70287.dir/build.make:65: recipe for target 'CMakeFiles/cmTC_70287.dir/CheckSymbolExists.cxx.o' failed
make[1]: *** [CMakeFiles/cmTC_70287.dir/CheckSymbolExists.cxx.o] Error 1
make[1]: Leaving directory '/home/yanglz/lidar_ws/build/CMakeFiles/CMakeTmp'
Makefile:126: recipe for target 'cmTC_70287/fast' failed
make: *** [cmTC_70287/fast] Error 2

File /home/yanglz/lidar_ws/build/CMakeFiles/CMakeTmp/CheckSymbolExists.cxx:
/* */
#include <QtCore/qglobal.h>

int main(int argc, char** argv)
{
  (void)argv;
#ifndef Q_WS_MAC
  return ((int*)(&Q_WS_MAC))[argc];
#else
  (void)argc;
  return 0;
#endif
}

